# JRE version: Java(TM) SE Runtime Environment (8.0_111-b14) (build 1.8.0_111-b14)
# Java VM: Java HotSpot(TM) Client VM (25.111-b14 mixed mode windows-x86 )
Heap:
 def new generation   total 46528K, used 14795K [0x04a00000, 0x07c70000, 0x09f50000)
  eden space 41408K,  28% used [0x04a00000, 0x055966b8, 0x07270000)
  from space 5120K,  57% used [0x07770000, 0x07a4c8d8, 0x07c70000)
  to   space 5120K,   0% used [0x07270000, 0x07270000, 0x07770000)
 tenured generation   total 103244K, used 81975K [0x09f50000, 0x10423000, 0x14a00000)
   the space 103244K,  79% used [0x09f50000, 0x0ef5dd80, 0x0ef5de00, 0x10423000)
 Metaspace       used 20039K, capacity 20382K, committed 20480K, reserved 20864K
GC Heap History (10 events):
Event: 28.777 GC heap before
{Heap before GC invocations=115 (full 8):
 def new generation   total 46528K, used 46528K [0x04a00000, 0x07c70000, 0x09f50000)
  eden space 41408K, 100% used [0x04a00000, 0x07270000, 0x07270000)
  from space 5120K, 100% used [0x07270000, 0x07770000, 0x07770000)
  to   space 5120K,   0% used [0x07770000, 0x07770000, 0x07c70000)
 tenured generation   total 103244K, used 68770K [0x09f50000, 0x10423000, 0x14a00000)
   the space 103244K,  66% used [0x09f50000, 0x0e2788a8, 0x0e278a00, 0x10423000)
 Metaspace       used 17414K, capacity 17639K, committed 17664K, reserved 17792K
Event: 28.801 GC heap after
Heap after GC invocations=116 (full 8):
 def new generation   total 46528K, used 5120K [0x04a00000, 0x07c70000, 0x09f50000)
  eden space 41408K,   0% used [0x04a00000, 0x04a00000, 0x07270000)
  from space 5120K, 100% used [0x07770000, 0x07c70000, 0x07c70000)
  to   space 5120K,   0% used [0x07270000, 0x07270000, 0x07770000)
 tenured generation   total 103244K, used 73229K [0x09f50000, 0x10423000, 0x14a00000)
   the space 103244K,  70% used [0x09f50000, 0x0e6d3678, 0x0e6d3800, 0x10423000)
 Metaspace       used 17414K, capacity 17639K, committed 17664K, reserved 17792K
}
Event: 29.036 GC heap before
{Heap before GC invocations=116 (full 8):
 def new generation   total 46528K, used 46528K [0x04a00000, 0x07c70000, 0x09f50000)
  eden space 41408K, 100% used [0x04a00000, 0x07270000, 0x07270000)
  from space 5120K, 100% used [0x07770000, 0x07c70000, 0x07c70000)
  to   space 5120K,   0% used [0x07270000, 0x07270000, 0x07770000)
 tenured generation   total 103244K, used 73229K [0x09f50000, 0x10423000, 0x14a00000)
   the space 103244K,  70% used [0x09f50000, 0x0e6d3678, 0x0e6d3800, 0x10423000)
 Metaspace       used 17414K, capacity 17639K, committed 17664K, reserved 17792K
Event: 29.056 GC heap after
Heap after GC invocations=117 (full 8):
 def new generation   total 46528K, used 5120K [0x04a00000, 0x07c70000, 0x09f50000)
  eden space 41408K,   0% used [0x04a00000, 0x04a00000, 0x07270000)
  from space 5120K, 100% used [0x07270000, 0x07770000, 0x07770000)
  to   space 5120K,   0% used [0x07770000, 0x07770000, 0x07c70000)
 tenured generation   total 103244K, used 77210K [0x09f50000, 0x10423000, 0x14a00000)
   the space 103244K,  74% used [0x09f50000, 0x0eab6aa8, 0x0eab6c00, 0x10423000)
 Metaspace       used 17414K, capacity 17639K, committed 17664K, reserved 17792K
}
Event: 29.283 GC heap before
{Heap before GC invocations=117 (full 8):
 def new generation   total 46528K, used 46528K [0x04a00000, 0x07c70000, 0x09f50000)
  eden space 41408K, 100% used [0x04a00000, 0x07270000, 0x07270000)
  from space 5120K, 100% used [0x07270000, 0x07770000, 0x07770000)
  to   space 5120K,   0% used [0x07770000, 0x07770000, 0x07c70000)
 tenured generation   total 103244K, used 77210K [0x09f50000, 0x10423000, 0x14a00000)
   the space 103244K,  74% used [0x09f50000, 0x0eab6aa8, 0x0eab6c00, 0x10423000)
 Metaspace       used 17437K, capacity 17671K, committed 17792K, reserved 17792K
Event: 29.302 GC heap after
Heap after GC invocations=118 (full 8):
 def new generation   total 46528K, used 5120K [0x04a00000, 0x07c70000, 0x09f50000)
  eden space 41408K,   0% used [0x04a00000, 0x04a00000, 0x07270000)
  from space 5120K, 100% used [0x07770000, 0x07c70000, 0x07c70000)
  to   space 5120K,   0% used [0x07270000, 0x07270000, 0x07770000)
 tenured generation   total 103244K, used 79606K [0x09f50000, 0x10423000, 0x14a00000)
   the space 103244K,  77% used [0x09f50000, 0x0ed0dbc0, 0x0ed0dc00, 0x10423000)
 Metaspace       used 17437K, capacity 17671K, committed 17792K, reserved 17792K
}
Event: 29.635 GC heap before
{Heap before GC invocations=118 (full 8):
 def new generation   total 46528K, used 46528K [0x04a00000, 0x07c70000, 0x09f50000)
  eden space 41408K, 100% used [0x04a00000, 0x07270000, 0x07270000)
  from space 5120K, 100% used [0x07770000, 0x07c70000, 0x07c70000)
  to   space 5120K,   0% used [0x07270000, 0x07270000, 0x07770000)
 tenured generation   total 103244K, used 79606K [0x09f50000, 0x10423000, 0x14a00000)
   the space 103244K,  77% used [0x09f50000, 0x0ed0dbc0, 0x0ed0dc00, 0x10423000)
 Metaspace       used 17872K, capacity 18087K, committed 18176K, reserved 18816K
Event: 29.647 GC heap after
Heap after GC invocations=119 (full 8):
 def new generation   total 46528K, used 1595K [0x04a00000, 0x07c70000, 0x09f50000)
  eden space 41408K,   0% used [0x04a00000, 0x04a00000, 0x07270000)
  from space 5120K,  31% used [0x07270000, 0x073fed40, 0x07770000)
  to   space 5120K,   0% used [0x07770000, 0x07770000, 0x07c70000)
 tenured generation   total 103244K, used 81975K [0x09f50000, 0x10423000, 0x14a00000)
   the space 103244K,  79% used [0x09f50000, 0x0ef5dd80, 0x0ef5de00, 0x10423000)
 Metaspace       used 17872K, capacity 18087K, committed 18176K, reserved 18816K
}
Event: 30.197 GC heap before
{Heap before GC invocations=119 (full 8):
 def new generation   total 46528K, used 43003K [0x04a00000, 0x07c70000, 0x09f50000)
  eden space 41408K, 100% used [0x04a00000, 0x07270000, 0x07270000)
  from space 5120K,  31% used [0x07270000, 0x073fed40, 0x07770000)
  to   space 5120K,   0% used [0x07770000, 0x07770000, 0x07c70000)
 tenured generation   total 103244K, used 81975K [0x09f50000, 0x10423000, 0x14a00000)
   the space 103244K,  79% used [0x09f50000, 0x0ef5dd80, 0x0ef5de00, 0x10423000)
 Metaspace       used 20022K, capacity 20350K, committed 20352K, reserved 20864K
Event: 30.207 GC heap after
Heap after GC invocations=120 (full 8):
 def new generation   total 46528K, used 2930K [0x04a00000, 0x07c70000, 0x09f50000)
  eden space 41408K,   0% used [0x04a00000, 0x04a00000, 0x07270000)
  from space 5120K,  57% used [0x07770000, 0x07a4c8d8, 0x07c70000)
  to   space 5120K,   0% used [0x07270000, 0x07270000, 0x07770000)
 tenured generation   total 103244K, used 81975K [0x09f50000, 0x10423000, 0x14a00000)
   the space 103244K,  79% used [0x09f50000, 0x0ef5dd80, 0x0ef5de00, 0x10423000)
 Metaspace       used 20022K, capacity 20350K, committed 20352K, reserved 20864K
}

